nohup: ignoring input

> memories-with-g@1.0.0 start
> http-server . -p $PORT -c-1

Starting up http-server, serving .

http-server version: 14.1.1

http-server settings: 
CORS: disabled
Cache: -1 seconds
Connection Timeout: 120 seconds
Directory Listings: visible
AutoIndex: visible
Serve GZIP Files: false
Serve Brotli Files: false
Default File Extension: none

Available on:
  http://127.0.0.1:8080
  http://10.0.13.81:8080
Hit CTRL-C to stop the server

[2025-11-19T17:26:35.171Z]  "GET /" "curl/8.5.0"
(node:13571) [DEP0066] DeprecationWarning: OutgoingMessage.prototype._headers is deprecated
(Use `node --trace-deprecation ...` to show where the warning was created)
[2025-11-19T17:26:42.815Z]  "GET /" "Mozilla/5.0 (Windows NT 10.0; Win64; x64) AppleWebKit/537.36 (KHTML, like Gecko) Chrome/142.0.0.0 Safari/537.36"
[2025-11-19T17:26:43.148Z]  "GET /favicon.ico" "Mozilla/5.0 (Windows NT 10.0; Win64; x64) AppleWebKit/537.36 (KHTML, like Gecko) Chrome/142.0.0.0 Safari/537.36"
[2025-11-19T17:26:43.149Z]  "GET /favicon.ico" Error (404): "Not found"
[2025-11-19T17:32:23.766Z]  "GET /" "curl/8.5.0"
